<?xml version="1.0" encoding="UTF-8"?>
<!-- Generated by org.testng.reporters.JUnitReportReporter -->
<testsuite hostname="DESKTOP-HPG8DBN" failures="0" tests="1" name="Session47.OrangeHRM_Test" time="0.341" errors="0" timestamp="2024-10-30T01:11:59 IST" skipped="0">
  <testcase classname="Session47.OrangeHRM_Test" name="login_test" time="0.341"/>
  <system-out/>
</testsuite> <!-- Session47.OrangeHRM_Test -->
