<?xml version="1.0" encoding="UTF-8"?>
<!-- Generated by org.testng.reporters.JUnitReportReporter -->
<testsuite hostname="DESKTOP-HPG8DBN" failures="0" tests="3" name="Session44.loginTest" time="0.023" errors="0" timestamp="2024-10-27T18:28:43 IST" skipped="0">
  <testcase classname="Session44.loginTest" name="LoginByEmail" time="0.019"/>
  <system-out/>
  <testcase classname="Session44.loginTest" name="LoginByFacebook" time="0.002"/>
  <system-out/>
  <testcase classname="Session44.loginTest" name="LoginByTwitter" time="0.002"/>
  <system-out/>
</testsuite> <!-- Session44.loginTest -->
