<?xml version="1.0" encoding="UTF-8"?>
<!-- Generated by org.testng.reporters.JUnitReportReporter -->
<testsuite hostname="DESKTOP-HPG8DBN" failures="0" tests="4" name="Session42.OrangeHRM_Test_NG" time="15.794" errors="0" timestamp="2024-10-26T19:47:42 IST" skipped="0">
  <testcase classname="Session42.OrangeHRM_Test_NG" name="openApp" time="5.343"/>
  <system-out/>
  <testcase classname="Session42.OrangeHRM_Test_NG" name="login" time="2.068"/>
  <system-out/>
  <testcase classname="Session42.OrangeHRM_Test_NG" name="checkIcon" time="5.103"/>
  <system-out/>
  <testcase classname="Session42.OrangeHRM_Test_NG" name="closeApp" time="3.280"/>
  <system-out/>
</testsuite> <!-- Session42.OrangeHRM_Test_NG -->
