<?xml version="1.0" encoding="UTF-8"?>
<!-- Generated by org.testng.reporters.JUnitReportReporter -->
<testsuite hostname="DESKTOP-HPG8DBN" failures="0" tests="3" name="Session42.Test_NG_FirsrTest" time="0.025" errors="0" timestamp="2024-10-26T19:47:42 IST" skipped="0">
  <testcase classname="Session42.Test_NG_FirsrTest" name="openapp" time="0.020"/>
  <system-out/>
  <testcase classname="Session42.Test_NG_FirsrTest" name="login" time="0.003"/>
  <system-out/>
  <testcase classname="Session42.Test_NG_FirsrTest" name="logout" time="0.002"/>
  <system-out/>
</testsuite> <!-- Session42.Test_NG_FirsrTest -->
