<?xml version="1.0" encoding="UTF-8"?>
<!-- Generated by org.testng.reporters.JUnitReportReporter -->
<testsuite hostname="DESKTOP-HPG8DBN" failures="0" tests="2" name="Session43.C1" time="0.021" errors="0" timestamp="2024-10-27T01:58:51 IST" skipped="0">
  <testcase classname="Session43.C1" name="abc" time="0.004"/>
  <system-out/>
  <testcase classname="Session43.C1" name="abc" time="0.017"/>
  <system-out/>
</testsuite> <!-- Session43.C1 -->
