<?xml version="1.0" encoding="UTF-8"?>
<!-- Generated by org.testng.reporters.JUnitReportReporter -->
<testsuite hostname="DESKTOP-HPG8DBN" failures="0" tests="2" name="Session44.PaymentTest" time="0.021" errors="0" timestamp="2024-10-27T18:30:50 IST" skipped="0">
  <testcase classname="Session44.PaymentTest" name="PaymentByDollor" time="0.019"/>
  <system-out/>
  <testcase classname="Session44.PaymentTest" name="PaymentByINR" time="0.002"/>
  <system-out/>
</testsuite> <!-- Session44.PaymentTest -->
