<?xml version="1.0" encoding="UTF-8"?>
<!-- Generated by org.testng.reporters.JUnitReportReporter -->
<testsuite hostname="DESKTOP-HPG8DBN" failures="0" tests="2" name="Session43.Annotation_Demo_2" time="0.024" errors="0" timestamp="2024-10-27T00:03:58 IST" skipped="0">
  <testcase classname="Session43.Annotation_Demo_2" name="search_testing" time="0.015"/>
  <system-out/>
  <testcase classname="Session43.Annotation_Demo_2" name="Adv_search" time="0.009"/>
  <system-out/>
</testsuite> <!-- Session43.Annotation_Demo_2 -->
