<?xml version="1.0" encoding="UTF-8"?>
<!-- Generated by org.testng.reporters.JUnitReportReporter -->
<testsuite hostname="DESKTOP-HPG8DBN" failures="0" tests="3" name="Session44.SignupTest" time="0.027" errors="0" timestamp="2024-10-27T18:29:28 IST" skipped="0">
  <testcase classname="Session44.SignupTest" name="SignupByEmail" time="0.024"/>
  <system-out/>
  <testcase classname="Session44.SignupTest" name="SignupByFacebook" time="0.002"/>
  <system-out/>
  <testcase classname="Session44.SignupTest" name="SignupByTwitter" time="0.001"/>
  <system-out/>
</testsuite> <!-- Session44.SignupTest -->
