<?xml version="1.0" encoding="UTF-8"?>
<!-- Generated by org.testng.reporters.JUnitReportReporter -->
<testsuite hostname="DESKTOP-HPG8DBN" failures="0" tests="2" name="Session43.All_Annotation" time="0.031" errors="0" timestamp="2024-10-27T02:32:22 IST" skipped="0">
  <testcase classname="Session43.All_Annotation" name="tm1" time="0.024"/>
  <system-out/>
  <testcase classname="Session43.All_Annotation" name="tm2" time="0.007"/>
  <system-out/>
</testsuite> <!-- Session43.All_Annotation -->
