<?xml version="1.0" encoding="UTF-8"?>
<!-- Generated by org.testng.reporters.JUnitReportReporter -->
<testsuite hostname="DESKTOP-HPG8DBN" failures="0" tests="6" name="Session45.ParallelTest_Practice" time="249.736" errors="0" timestamp="2024-10-28T08:23:58 IST" skipped="0">
  <testcase classname="Session45.ParallelTest_Practice" name="TestLogo" time="53.100"/>
  <system-out/>
  <testcase classname="Session45.ParallelTest_Practice" name="TestLogo" time="18.346"/>
  <system-out/>
  <testcase classname="Session45.ParallelTest_Practice" name="TestTitle" time="18.061"/>
  <system-out/>
  <testcase classname="Session45.ParallelTest_Practice" name="TestTitle" time="65.205"/>
  <system-out/>
  <testcase classname="Session45.ParallelTest_Practice" name="TestUrl" time="48.177"/>
  <system-out/>
  <testcase classname="Session45.ParallelTest_Practice" name="TestUrl" time="46.847"/>
  <system-out/>
</testsuite> <!-- Session45.ParallelTest_Practice -->
