<?xml version="1.0" encoding="UTF-8"?>
<!-- Generated by org.testng.reporters.JUnitReportReporter -->
<testsuite hostname="DESKTOP-HPG8DBN" failures="0" tests="1" name="Session43.Assertion_Demo" time="0.022" errors="0" timestamp="2024-10-27T04:15:03 IST" skipped="0">
  <testcase classname="Session43.Assertion_Demo" name="TestTitle" time="0.022"/>
  <system-out/>
</testsuite> <!-- Session43.Assertion_Demo -->
