<?xml version="1.0" encoding="UTF-8"?>
<!-- Generated by org.testng.reporters.JUnitReportReporter -->
<testsuite hostname="DESKTOP-HPG8DBN" failures="0" tests="9" name="Session45.ParallelTest_Demo" time="4.922" errors="0" timestamp="2024-10-28T07:34:46 IST" skipped="0">
  <testcase classname="Session45.ParallelTest_Demo" name="TestLogo" time="2.212"/>
  <system-out/>
  <testcase classname="Session45.ParallelTest_Demo" name="TestLogo" time="2.208"/>
  <system-out/>
  <testcase classname="Session45.ParallelTest_Demo" name="TestLogo" time="0.136"/>
  <system-out/>
  <testcase classname="Session45.ParallelTest_Demo" name="TestTitle" time="0.096"/>
  <system-out/>
  <testcase classname="Session45.ParallelTest_Demo" name="TestTitle" time="0.018"/>
  <system-out/>
  <testcase classname="Session45.ParallelTest_Demo" name="TestTitle" time="0.143"/>
  <system-out/>
  <testcase classname="Session45.ParallelTest_Demo" name="TestURL" time="0.019"/>
  <system-out/>
  <testcase classname="Session45.ParallelTest_Demo" name="TestURL" time="0.041"/>
  <system-out/>
  <testcase classname="Session45.ParallelTest_Demo" name="TestURL" time="0.049"/>
  <system-out/>
</testsuite> <!-- Session45.ParallelTest_Demo -->
