<?xml version="1.0" encoding="UTF-8"?>
<!-- Generated by org.testng.reporters.JUnitReportReporter -->
<testsuite hostname="DESKTOP-HPG8DBN" failures="0" tests="2" name="Session43.C2" time="0.010" errors="0" timestamp="2024-10-27T01:58:51 IST" skipped="0">
  <testcase classname="Session43.C2" name="xyz" time="0.006"/>
  <system-out/>
  <testcase classname="Session43.C2" name="xyz" time="0.004"/>
  <system-out/>
</testsuite> <!-- Session43.C2 -->
