<?xml version="1.0" encoding="UTF-8"?>
<!-- Generated by org.testng.reporters.JUnitReportReporter -->
<testsuite hostname="DESKTOP-HPG8DBN" failures="0" tests="2" name="Session43.Annotation_Demo" time="0.045" errors="0" timestamp="2024-10-26T23:55:14 IST" skipped="0">
  <testcase classname="Session43.Annotation_Demo" name="adv_search" time="0.026"/>
  <system-out/>
  <testcase classname="Session43.Annotation_Demo" name="search" time="0.019"/>
  <system-out/>
</testsuite> <!-- Session43.Annotation_Demo -->
